<?xml version="1.0" encoding="UTF-8"?>
<!-- Generated by org.testng.reporters.JUnitReportReporter -->
<testsuite skipped="0" hostname="DESKTOP-FLS55JV" name="com.omr.test.OMRBranchClub" tests="6" failures="0" timestamp="27 Jun 2022 13:13:17 GMT" time="7.999" errors="0">
  <testcase name="Login" time="4.964" classname="com.omr.test.OMRBranchClub"/>
  <testcase name="addAddress" time="0.692" classname="com.omr.test.OMRBranchClub"/>
  <testcase name="updateAddress" time="0.535" classname="com.omr.test.OMRBranchClub"/>
  <testcase name="GetAddress" time="0.538" classname="com.omr.test.OMRBranchClub"/>
  <testcase name="DeleteAddress" time="0.435" classname="com.omr.test.OMRBranchClub"/>
  <testcase name="changeProfilePic" time="0.835" classname="com.omr.test.OMRBranchClub"/>
</testsuite> <!-- com.omr.test.OMRBranchClub -->
